-------------------------------------------------------------------------------
Test set: sangee.springframework.sangeepetclinic.SangeePetClinicApplicationTests
-------------------------------------------------------------------------------
Tests run: 1, Failures: 0, Errors: 1, Skipped: 0, Time elapsed: 1.22 s <<< FAILURE! - in sangee.springframework.sangeepetclinic.SangeePetClinicApplicationTests
initializationError(sangee.springframework.sangeepetclinic.SangeePetClinicApplicationTests)  Time elapsed: 0.009 s  <<< ERROR!
java.lang.IllegalStateException: Unable to find a @SpringBootConfiguration, you need to use @ContextConfiguration or @SpringBootTest(classes=...) with your test

